<?xml version="1.0" encoding="UTF-8"?>
<testsuite name="| Africa |" tests="4" skipped="0" failures="0" errors="0" timestamp="2021-07-22T18:22:36" hostname="TR-6C9GZY2" time="39.196">
  <properties/>
  <testcase name="Given user clicks on UK flag on homepage header" classname="| Africa |" time="0.0"/>
  <testcase name="When user gets list of countries for region &quot;Africa&quot;" classname="| Africa |" time="0.0"/>
  <testcase name="Then user prints currency for each country" classname="| Africa |" time="0.0"/>
  <testcase name="classMethod" classname="| Africa |" time="58.45"/>
  <system-out><![CDATA[]]></system-out>
  <system-err><![CDATA[SLF4J: Failed to load class "org.slf4j.impl.StaticLoggerBinder".
SLF4J: Defaulting to no-operation (NOP) logger implementation
SLF4J: See http://www.slf4j.org/codes.html#StaticLoggerBinder for further details.
Starting ChromeDriver 91.0.4472.101 (af52a90bf87030dd1523486a1cd3ae25c5d76c9b-refs/branch-heads/4472@{#1462}) on port 3347
Only local connections are allowed.
Please see https://chromedriver.chromium.org/security-considerations for suggestions on keeping ChromeDriver safe.
ChromeDriver was started successfully.
Jul 22, 2021 7:22:22 PM org.openqa.selenium.remote.ProtocolHandshake createSession
INFO: Detected dialect: W3C
Jul 22, 2021 7:22:22 PM org.openqa.selenium.devtools.CdpVersionFinder findNearestMatch
INFO: Found exact CDP implementation for version 91
]]></system-err>
</testsuite>
